
  ============================================================================  

    ja-netfilter 2022.2.0

    A javaagent framework :)

    https://github.com/ja-netfilter/ja-netfilter

  ============================================================================  

Warning: Not allowed as a service: java.awt.Window.CustomTitleBarPeer
	at com.jetbrains.JBR$WindowDecorations__Holder.<clinit>(JBR.java:642)
	at com.jetbrains.JBR.getWindowDecorations(JBR.java:662)
	at com.intellij.platform.ide.bootstrap.StartupUtil$startApplication$3.invokeSuspend(startup.kt:171)
	at kotlin.coroutines.jvm.internal.BaseContinuationImpl.resumeWith(ContinuationImpl.kt:33)
	at kotlinx.coroutines.DispatchedTask.run(DispatchedTask.kt:104)
	at kotlinx.coroutines.scheduling.CoroutineScheduler.runSafely(CoroutineScheduler.kt:608)
	at kotlinx.coroutines.scheduling.CoroutineScheduler$Worker.executeTask(CoroutineScheduler.kt:873)
	at kotlinx.coroutines.scheduling.CoroutineScheduler$Worker.runWorker(CoroutineScheduler.kt:763)
	at kotlinx.coroutines.scheduling.CoroutineScheduler$Worker.run(CoroutineScheduler.kt:750)
Warning: Service not supported: com.jetbrains.WindowDecorations
	at com.jetbrains.JBR$WindowDecorations__Holder.<clinit>(JBR.java:642)
	at com.jetbrains.JBR.getWindowDecorations(JBR.java:662)
	at com.intellij.platform.ide.bootstrap.StartupUtil$startApplication$3.invokeSuspend(startup.kt:171)
	at kotlin.coroutines.jvm.internal.BaseContinuationImpl.resumeWith(ContinuationImpl.kt:33)
	at kotlinx.coroutines.DispatchedTask.run(DispatchedTask.kt:104)
	at kotlinx.coroutines.scheduling.CoroutineScheduler.runSafely(CoroutineScheduler.kt:608)
	at kotlinx.coroutines.scheduling.CoroutineScheduler$Worker.executeTask(CoroutineScheduler.kt:873)
	at kotlinx.coroutines.scheduling.CoroutineScheduler$Worker.runWorker(CoroutineScheduler.kt:763)
	at kotlinx.coroutines.scheduling.CoroutineScheduler$Worker.run(CoroutineScheduler.kt:750)
Warning: Not allowed as a service: com.jetbrains.RoundedCornersManager
	at com.jetbrains.JBR$RoundedCornersManager__Holder.<clinit>(JBR.java:514)
	at com.jetbrains.JBR.isRoundedCornersManagerSupported(JBR.java:524)
	at com.intellij.ui.WindowRoundedCornersManager.isAvailable(WindowRoundedCornersManager.java:36)
	at com.intellij.ui.WindowRoundedCornersManager.configure(WindowRoundedCornersManager.java:24)
	at com.intellij.ui.messages.AlertDialog.<init>(AlertMessagesManager.kt:202)
	at com.intellij.ui.messages.AlertMessagesManager.showMessageDialog(AlertMessagesManager.kt:67)
	at com.intellij.ui.messages.MessagesServiceImpl.showMessageDialog(MessagesServiceImpl.java:54)
	at com.jetbrains.rdserver.ui.BackendMessagesService.showMessageDialog(BackendMessagesService.kt:33)
	at com.intellij.openapi.ui.MessageDialogBuilder$Message.show(MessageDialogBuilder.kt:179)
	at com.intellij.ide.k.N.l.k(l.java:470)
	at com.intellij.ide.k.N.E.doOKAction(E.java:268)
	at com.intellij.ide.k.N.E.doCancelAction(E.java:254)
	at com.intellij.openapi.ui.impl.DialogWrapperPeerImpl$MyDialog$MyWindowListener.windowClosing(DialogWrapperPeerImpl.java:1013)
	at java.desktop/java.awt.AWTEventMulticaster.windowClosing(AWTEventMulticaster.java:357)
	at java.desktop/java.awt.AWTEventMulticaster.windowClosing(AWTEventMulticaster.java:357)
	at java.desktop/java.awt.Window.processWindowEvent(Window.java:2115)
	at java.desktop/javax.swing.JDialog.processWindowEvent(JDialog.java:689)
	at java.desktop/java.awt.Window.processEvent(Window.java:2074)
	at java.desktop/java.awt.Component.dispatchEventImpl(Component.java:5032)
	at java.desktop/java.awt.Container.dispatchEventImpl(Container.java:2324)
	at java.desktop/java.awt.Window.dispatchEventImpl(Window.java:2810)
	at java.desktop/java.awt.Component.dispatchEvent(Component.java:4860)
	at java.desktop/java.awt.EventQueue.dispatchEventImpl(EventQueue.java:783)
	at java.desktop/java.awt.EventQueue$4.run(EventQueue.java:728)
	at java.desktop/java.awt.EventQueue$4.run(EventQueue.java:722)
	at java.base/java.security.AccessController.doPrivileged(AccessController.java:400)
	at java.base/java.security.ProtectionDomain$JavaSecurityAccessImpl.doIntersectionPrivilege(ProtectionDomain.java:87)
	at java.base/java.security.ProtectionDomain$JavaSecurityAccessImpl.doIntersectionPrivilege(ProtectionDomain.java:98)
	at java.desktop/java.awt.EventQueue$5.run(EventQueue.java:755)
	at java.desktop/java.awt.EventQueue$5.run(EventQueue.java:753)
	at java.base/java.security.AccessController.doPrivileged(AccessController.java:400)
	at java.base/java.security.ProtectionDomain$JavaSecurityAccessImpl.doIntersectionPrivilege(ProtectionDomain.java:87)
	at java.desktop/java.awt.EventQueue.dispatchEvent(EventQueue.java:752)
	at com.intellij.ide.IdeEventQueue.defaultDispatchEvent(IdeEventQueue.kt:696)
	at com.intellij.ide.IdeEventQueue._dispatchEvent$lambda$16(IdeEventQueue.kt:590)
	at com.intellij.openapi.application.impl.AnyThreadWriteThreadingSupport.runWithoutImplicitRead(AnyThreadWriteThreadingSupport.kt:117)
	at com.intellij.ide.IdeEventQueue._dispatchEvent(IdeEventQueue.kt:590)
	at com.intellij.ide.IdeEventQueue.access$_dispatchEvent(IdeEventQueue.kt:73)
	at com.intellij.ide.IdeEventQueue$dispatchEvent$processEventRunnable$1$1$1$1.compute(IdeEventQueue.kt:357)
	at com.intellij.ide.IdeEventQueue$dispatchEvent$processEventRunnable$1$1$1$1.compute(IdeEventQueue.kt:356)
	at com.intellij.openapi.progress.impl.CoreProgressManager.computePrioritized(CoreProgressManager.java:843)
	at com.intellij.ide.IdeEventQueue$dispatchEvent$processEventRunnable$1$1$1.invoke(IdeEventQueue.kt:356)
	at com.intellij.ide.IdeEventQueue$dispatchEvent$processEventRunnable$1$1$1.invoke(IdeEventQueue.kt:351)
	at com.intellij.ide.IdeEventQueueKt$performActivity$runnableWithWIL$1.invoke$lambda$0(IdeEventQueue.kt:1035)
	at com.intellij.openapi.application.WriteIntentReadAction.lambda$run$0(WriteIntentReadAction.java:24)
	at com.intellij.openapi.application.impl.AnyThreadWriteThreadingSupport.runWriteIntentReadAction(AnyThreadWriteThreadingSupport.kt:84)
	at com.intellij.openapi.application.impl.ApplicationImpl.runWriteIntentReadAction(ApplicationImpl.java:910)
	at com.intellij.openapi.application.WriteIntentReadAction.compute(WriteIntentReadAction.java:55)
	at com.intellij.openapi.application.WriteIntentReadAction.run(WriteIntentReadAction.java:23)
	at com.intellij.ide.IdeEventQueueKt$performActivity$runnableWithWIL$1.invoke(IdeEventQueue.kt:1035)
	at com.intellij.ide.IdeEventQueueKt$performActivity$runnableWithWIL$1.invoke(IdeEventQueue.kt:1035)
	at com.intellij.ide.IdeEventQueueKt.performActivity$lambda$1(IdeEventQueue.kt:1036)
	at com.intellij.openapi.application.TransactionGuardImpl.performActivity(TransactionGuardImpl.java:106)
	at com.intellij.ide.IdeEventQueueKt.performActivity(IdeEventQueue.kt:1036)
	at com.intellij.ide.IdeEventQueue.dispatchEvent$lambda$10(IdeEventQueue.kt:351)
	at com.intellij.ide.IdeEventQueue.dispatchEvent(IdeEventQueue.kt:397)
	at java.desktop/java.awt.EventDispatchThread.pumpOneEventForFilters(EventDispatchThread.java:207)
	at java.desktop/java.awt.EventDispatchThread.pumpEventsForFilter(EventDispatchThread.java:128)
	at java.desktop/java.awt.EventDispatchThread.pumpEventsForFilter(EventDispatchThread.java:121)
	at java.desktop/java.awt.WaitDispatchSupport$2.run(WaitDispatchSupport.java:191)
	at java.desktop/java.awt.WaitDispatchSupport$4.run(WaitDispatchSupport.java:236)
	at java.desktop/java.awt.WaitDispatchSupport$4.run(WaitDispatchSupport.java:234)
	at java.base/java.security.AccessController.doPrivileged(AccessController.java:319)
	at java.desktop/java.awt.WaitDispatchSupport.enter(WaitDispatchSupport.java:234)
	at java.desktop/java.awt.Dialog.show(Dialog.java:1079)
	at com.intellij.openapi.ui.impl.DialogWrapperPeerImpl$MyDialog.show(DialogWrapperPeerImpl.java:887)
	at com.intellij.openapi.ui.impl.DialogWrapperPeerImpl.show(DialogWrapperPeerImpl.java:469)
	at com.intellij.openapi.ui.DialogWrapper.doShow(DialogWrapper.java:1763)
	at com.intellij.openapi.ui.DialogWrapper.show(DialogWrapper.java:1712)
	at com.intellij.ide.k.N.E.k(E.java:288)
	at com.intellij.ide.k.N.l.k(l.java:78)
	at com.intellij.ide.k.f.Aq.k(Aq.java:446)
	at com.intellij.ide.k.N.u.k(u.java:275)
	at com.intellij.util.ui.EdtInvocationManager.invokeAndWaitIfNeeded(EdtInvocationManager.java:79)
	at com.intellij.ide.k.N.u.k(u.java:269)
	at com.intellij.ide.k.f.Aq.k(Aq.java:441)
	at com.intellij.ide.k.f.k2.run(k2.java:412)
	at com.intellij.util.concurrency.ContextRunnable.run(ContextRunnable.java:27)
	at com.intellij.openapi.application.TransactionGuardImpl.runWithWritingAllowed(TransactionGuardImpl.java:229)
	at com.intellij.openapi.application.TransactionGuardImpl.access$100(TransactionGuardImpl.java:22)
	at com.intellij.openapi.application.TransactionGuardImpl$1.run(TransactionGuardImpl.java:191)
	at com.intellij.openapi.application.impl.AnyThreadWriteThreadingSupport.runIntendedWriteActionOnCurrentThread$lambda$1(AnyThreadWriteThreadingSupport.kt:184)
	at com.intellij.openapi.application.impl.AnyThreadWriteThreadingSupport.runWriteIntentReadAction(AnyThreadWriteThreadingSupport.kt:84)
	at com.intellij.openapi.application.impl.AnyThreadWriteThreadingSupport.runIntendedWriteActionOnCurrentThread(AnyThreadWriteThreadingSupport.kt:183)
	at com.intellij.openapi.application.impl.ApplicationImpl.runIntendedWriteActionOnCurrentThread(ApplicationImpl.java:836)
	at com.intellij.openapi.application.impl.ApplicationImpl$2.run(ApplicationImpl.java:424)
	at com.intellij.openapi.application.impl.AnyThreadWriteThreadingSupport.runWithImplicitRead(AnyThreadWriteThreadingSupport.kt:122)
	at com.intellij.openapi.application.impl.ApplicationImpl.runWithImplicitRead(ApplicationImpl.java:1162)
	at com.intellij.openapi.application.impl.FlushQueue.doRun(FlushQueue.java:78)
	at com.intellij.openapi.application.impl.FlushQueue.runNextEvent(FlushQueue.java:119)
	at com.intellij.openapi.application.impl.FlushQueue.flushNow(FlushQueue.java:41)
	at java.desktop/java.awt.event.InvocationEvent.dispatch(InvocationEvent.java:318)
	at java.desktop/java.awt.EventQueue.dispatchEventImpl(EventQueue.java:781)
	at java.desktop/java.awt.EventQueue$4.run(EventQueue.java:728)
	at java.desktop/java.awt.EventQueue$4.run(EventQueue.java:722)
	at java.base/java.security.AccessController.doPrivileged(AccessController.java:400)
	at java.base/java.security.ProtectionDomain$JavaSecurityAccessImpl.doIntersectionPrivilege(ProtectionDomain.java:87)
	at java.desktop/java.awt.EventQueue.dispatchEvent(EventQueue.java:750)
	at com.intellij.ide.IdeEventQueue.defaultDispatchEvent(IdeEventQueue.kt:696)
	at com.intellij.ide.IdeEventQueue._dispatchEvent$lambda$16(IdeEventQueue.kt:590)
	at com.intellij.openapi.application.impl.AnyThreadWriteThreadingSupport.runWithoutImplicitRead(AnyThreadWriteThreadingSupport.kt:117)
	at com.intellij.ide.IdeEventQueue._dispatchEvent(IdeEventQueue.kt:590)
	at com.intellij.ide.IdeEventQueue.access$_dispatchEvent(IdeEventQueue.kt:73)
	at com.intellij.ide.IdeEventQueue$dispatchEvent$processEventRunnable$1$1$1.invoke(IdeEventQueue.kt:353)
	at com.intellij.ide.IdeEventQueue$dispatchEvent$processEventRunnable$1$1$1.invoke(IdeEventQueue.kt:351)
	at com.intellij.ide.IdeEventQueueKt$performActivity$runnableWithWIL$1.invoke$lambda$0(IdeEventQueue.kt:1035)
	at com.intellij.openapi.application.WriteIntentReadAction.lambda$run$0(WriteIntentReadAction.java:24)
	at com.intellij.openapi.application.impl.AnyThreadWriteThreadingSupport.runWriteIntentReadAction(AnyThreadWriteThreadingSupport.kt:84)
	at com.intellij.openapi.application.impl.ApplicationImpl.runWriteIntentReadAction(ApplicationImpl.java:910)
	at com.intellij.openapi.application.WriteIntentReadAction.compute(WriteIntentReadAction.java:55)
	at com.intellij.openapi.application.WriteIntentReadAction.run(WriteIntentReadAction.java:23)
	at com.intellij.ide.IdeEventQueueKt$performActivity$runnableWithWIL$1.invoke(IdeEventQueue.kt:1035)
	at com.intellij.ide.IdeEventQueueKt$performActivity$runnableWithWIL$1.invoke(IdeEventQueue.kt:1035)
	at com.intellij.ide.IdeEventQueueKt.performActivity$lambda$1(IdeEventQueue.kt:1036)
	at com.intellij.openapi.application.TransactionGuardImpl.performActivity(TransactionGuardImpl.java:106)
	at com.intellij.ide.IdeEventQueueKt.performActivity(IdeEventQueue.kt:1036)
	at com.intellij.ide.IdeEventQueue.dispatchEvent$lambda$10(IdeEventQueue.kt:351)
	at com.intellij.ide.IdeEventQueue.dispatchEvent(IdeEventQueue.kt:397)
	at java.desktop/java.awt.EventDispatchThread.pumpOneEventForFilters(EventDispatchThread.java:207)
	at java.desktop/java.awt.EventDispatchThread.pumpEventsForFilter(EventDispatchThread.java:128)
	at java.desktop/java.awt.EventDispatchThread.pumpEventsForHierarchy(EventDispatchThread.java:117)
	at java.desktop/java.awt.EventDispatchThread.pumpEvents(EventDispatchThread.java:113)
	at java.desktop/java.awt.EventDispatchThread.pumpEvents(EventDispatchThread.java:105)
	at java.desktop/java.awt.EventDispatchThread.run(EventDispatchThread.java:92)
